<?xml version="1.0" encoding="UTF-8"?>
<!-- Generated by org.testng.reporters.JUnitXMLReporter -->
<testsuite ignored="0" hostname="DESKTOP-NHAT11T" failures="0" tests="3" name="Default test" time="10.909" errors="0" timestamp="2023-10-13T08:50:28 ICT">
  <testcase classname="com.nopcommerce.user.testcase_login" name="TC_01_register" time="3.385"/>
  <testcase classname="com.nopcommerce.user.testcase_login" name="TC_02_login" time="1.222"/>
  <testcase classname="com.nopcommerce.user.testcase_login" name="TC_03_myAccount" time="0.829"/>
</testsuite> <!-- Default test -->
