<?xml version="1.0" encoding="UTF-8"?>
<testng-results ignored="0" total="3" passed="3" failed="0" skipped="0">
  <reporter-output>
  </reporter-output>
  <suite started-at="2023-10-13T08:50:17 ICT" name="Default suite" finished-at="2023-10-13T08:50:28 ICT" duration-ms="10909">
    <groups>
    </groups>
    <test started-at="2023-10-13T08:50:17 ICT" name="Default test" finished-at="2023-10-13T08:50:28 ICT" duration-ms="10909">
      <class name="com.nopcommerce.user.testcase_login">
        <test-method is-config="true" signature="beforeClass()[pri:0, instance:com.nopcommerce.user.testcase_login@196a42c3]" started-at="2023-10-13T08:50:17 ICT" name="beforeClass" finished-at="2023-10-13T08:50:21 ICT" duration-ms="4450" status="PASS">
          <reporter-output>
          </reporter-output>
        </test-method> <!-- beforeClass -->
        <test-method signature="TC_01_register()[pri:0, instance:com.nopcommerce.user.testcase_login@196a42c3]" started-at="2023-10-13T08:50:21 ICT" name="TC_01_register" finished-at="2023-10-13T08:50:25 ICT" duration-ms="3385" status="PASS">
          <reporter-output>
          </reporter-output>
        </test-method> <!-- TC_01_register -->
        <test-method signature="TC_02_login()[pri:0, instance:com.nopcommerce.user.testcase_login@196a42c3]" started-at="2023-10-13T08:50:25 ICT" name="TC_02_login" finished-at="2023-10-13T08:50:26 ICT" depends-on-methods="com.nopcommerce.user.testcase_login.TC_01_register" duration-ms="1222" status="PASS">
          <reporter-output>
          </reporter-output>
        </test-method> <!-- TC_02_login -->
        <test-method signature="TC_03_myAccount()[pri:0, instance:com.nopcommerce.user.testcase_login@196a42c3]" started-at="2023-10-13T08:50:26 ICT" name="TC_03_myAccount" finished-at="2023-10-13T08:50:27 ICT" depends-on-methods="com.nopcommerce.user.testcase_login.TC_02_login" duration-ms="829" status="PASS">
          <reporter-output>
          </reporter-output>
        </test-method> <!-- TC_03_myAccount -->
        <test-method is-config="true" signature="afterClass()[pri:0, instance:com.nopcommerce.user.testcase_login@196a42c3]" started-at="2023-10-13T08:50:27 ICT" name="afterClass" finished-at="2023-10-13T08:50:28 ICT" duration-ms="954" status="PASS">
          <reporter-output>
          </reporter-output>
        </test-method> <!-- afterClass -->
      </class> <!-- com.nopcommerce.user.testcase_login -->
    </test> <!-- Default test -->
  </suite> <!-- Default suite -->
</testng-results>
